2024-08-07 16:56:04: error: APIError: Not Found
    at notFound (file:///home/getkart/Desktop/pickzon/src/middleware/errorMiddleware.js:33:16)
    at Layer.handle [as handle_request] (/home/getkart/Desktop/pickzon/node_modules/express/lib/router/layer.js:95:5)
    at trim_prefix (/home/getkart/Desktop/pickzon/node_modules/express/lib/router/index.js:328:13)
    at /home/getkart/Desktop/pickzon/node_modules/express/lib/router/index.js:286:9
    at Function.process_params (/home/getkart/Desktop/pickzon/node_modules/express/lib/router/index.js:346:12)
    at next (/home/getkart/Desktop/pickzon/node_modules/express/lib/router/index.js:280:10)
    at Layer.handle [as handle_request] (/home/getkart/Desktop/pickzon/node_modules/express/lib/router/layer.js:91:12)
    at trim_prefix (/home/getkart/Desktop/pickzon/node_modules/express/lib/router/index.js:328:13)
    at /home/getkart/Desktop/pickzon/node_modules/express/lib/router/index.js:286:9
    at Function.process_params (/home/getkart/Desktop/pickzon/node_modules/express/lib/router/index.js:346:12)
2024-08-07 16:56:05: error: APIError: Not Found
    at notFound (file:///home/getkart/Desktop/pickzon/src/middleware/errorMiddleware.js:33:16)
    at Layer.handle [as handle_request] (/home/getkart/Desktop/pickzon/node_modules/express/lib/router/layer.js:95:5)
    at trim_prefix (/home/getkart/Desktop/pickzon/node_modules/express/lib/router/index.js:328:13)
    at /home/getkart/Desktop/pickzon/node_modules/express/lib/router/index.js:286:9
    at Function.process_params (/home/getkart/Desktop/pickzon/node_modules/express/lib/router/index.js:346:12)
    at next (/home/getkart/Desktop/pickzon/node_modules/express/lib/router/index.js:280:10)
    at Layer.handle [as handle_request] (/home/getkart/Desktop/pickzon/node_modules/express/lib/router/layer.js:91:12)
    at trim_prefix (/home/getkart/Desktop/pickzon/node_modules/express/lib/router/index.js:328:13)
    at /home/getkart/Desktop/pickzon/node_modules/express/lib/router/index.js:286:9
    at Function.process_params (/home/getkart/Desktop/pickzon/node_modules/express/lib/router/index.js:346:12)
2024-08-07 16:57:16: error: APIError: Not Found
    at notFound (file:///home/getkart/Desktop/pickzon/src/middleware/errorMiddleware.js:33:16)
    at Layer.handle [as handle_request] (/home/getkart/Desktop/pickzon/node_modules/express/lib/router/layer.js:95:5)
    at trim_prefix (/home/getkart/Desktop/pickzon/node_modules/express/lib/router/index.js:328:13)
    at /home/getkart/Desktop/pickzon/node_modules/express/lib/router/index.js:286:9
    at Function.process_params (/home/getkart/Desktop/pickzon/node_modules/express/lib/router/index.js:346:12)
    at next (/home/getkart/Desktop/pickzon/node_modules/express/lib/router/index.js:280:10)
    at Layer.handle [as handle_request] (/home/getkart/Desktop/pickzon/node_modules/express/lib/router/layer.js:91:12)
    at trim_prefix (/home/getkart/Desktop/pickzon/node_modules/express/lib/router/index.js:328:13)
    at /home/getkart/Desktop/pickzon/node_modules/express/lib/router/index.js:286:9
    at Function.process_params (/home/getkart/Desktop/pickzon/node_modules/express/lib/router/index.js:346:12)
2024-08-07 16:57:37: error: APIError: Not Found
    at notFound (file:///home/getkart/Desktop/pickzon/src/middleware/errorMiddleware.js:33:16)
    at Layer.handle [as handle_request] (/home/getkart/Desktop/pickzon/node_modules/express/lib/router/layer.js:95:5)
    at trim_prefix (/home/getkart/Desktop/pickzon/node_modules/express/lib/router/index.js:328:13)
    at /home/getkart/Desktop/pickzon/node_modules/express/lib/router/index.js:286:9
    at Function.process_params (/home/getkart/Desktop/pickzon/node_modules/express/lib/router/index.js:346:12)
    at next (/home/getkart/Desktop/pickzon/node_modules/express/lib/router/index.js:280:10)
    at Layer.handle [as handle_request] (/home/getkart/Desktop/pickzon/node_modules/express/lib/router/layer.js:91:12)
    at trim_prefix (/home/getkart/Desktop/pickzon/node_modules/express/lib/router/index.js:328:13)
    at /home/getkart/Desktop/pickzon/node_modules/express/lib/router/index.js:286:9
    at Function.process_params (/home/getkart/Desktop/pickzon/node_modules/express/lib/router/index.js:346:12)
2024-08-07 16:57:50: error: APIError: Not Found
    at notFound (file:///home/getkart/Desktop/pickzon/src/middleware/errorMiddleware.js:33:16)
    at Layer.handle [as handle_request] (/home/getkart/Desktop/pickzon/node_modules/express/lib/router/layer.js:95:5)
    at trim_prefix (/home/getkart/Desktop/pickzon/node_modules/express/lib/router/index.js:328:13)
    at /home/getkart/Desktop/pickzon/node_modules/express/lib/router/index.js:286:9
    at Function.process_params (/home/getkart/Desktop/pickzon/node_modules/express/lib/router/index.js:346:12)
    at next (/home/getkart/Desktop/pickzon/node_modules/express/lib/router/index.js:280:10)
    at Layer.handle [as handle_request] (/home/getkart/Desktop/pickzon/node_modules/express/lib/router/layer.js:91:12)
    at trim_prefix (/home/getkart/Desktop/pickzon/node_modules/express/lib/router/index.js:328:13)
    at /home/getkart/Desktop/pickzon/node_modules/express/lib/router/index.js:286:9
    at Function.process_params (/home/getkart/Desktop/pickzon/node_modules/express/lib/router/index.js:346:12)
2024-08-07 16:58:36: error: APIError: Not Found
    at notFound (file:///home/getkart/Desktop/pickzon/src/middleware/errorMiddleware.js:33:16)
    at Layer.handle [as handle_request] (/home/getkart/Desktop/pickzon/node_modules/express/lib/router/layer.js:95:5)
    at trim_prefix (/home/getkart/Desktop/pickzon/node_modules/express/lib/router/index.js:328:13)
    at /home/getkart/Desktop/pickzon/node_modules/express/lib/router/index.js:286:9
    at Function.process_params (/home/getkart/Desktop/pickzon/node_modules/express/lib/router/index.js:346:12)
    at next (/home/getkart/Desktop/pickzon/node_modules/express/lib/router/index.js:280:10)
    at Layer.handle [as handle_request] (/home/getkart/Desktop/pickzon/node_modules/express/lib/router/layer.js:91:12)
    at trim_prefix (/home/getkart/Desktop/pickzon/node_modules/express/lib/router/index.js:328:13)
    at /home/getkart/Desktop/pickzon/node_modules/express/lib/router/index.js:286:9
    at Function.process_params (/home/getkart/Desktop/pickzon/node_modules/express/lib/router/index.js:346:12)
2024-08-07 17:00:17: error: APIError: Not Found
    at notFound (file:///home/getkart/Desktop/pickzon/src/middleware/errorMiddleware.js:33:16)
    at Layer.handle [as handle_request] (/home/getkart/Desktop/pickzon/node_modules/express/lib/router/layer.js:95:5)
    at trim_prefix (/home/getkart/Desktop/pickzon/node_modules/express/lib/router/index.js:328:13)
    at /home/getkart/Desktop/pickzon/node_modules/express/lib/router/index.js:286:9
    at Function.process_params (/home/getkart/Desktop/pickzon/node_modules/express/lib/router/index.js:346:12)
    at next (/home/getkart/Desktop/pickzon/node_modules/express/lib/router/index.js:280:10)
    at Layer.handle [as handle_request] (/home/getkart/Desktop/pickzon/node_modules/express/lib/router/layer.js:91:12)
    at trim_prefix (/home/getkart/Desktop/pickzon/node_modules/express/lib/router/index.js:328:13)
    at /home/getkart/Desktop/pickzon/node_modules/express/lib/router/index.js:286:9
    at Function.process_params (/home/getkart/Desktop/pickzon/node_modules/express/lib/router/index.js:346:12)
2024-08-07 17:00:31: error: APIError: Not Found
    at notFound (file:///home/getkart/Desktop/pickzon/src/middleware/errorMiddleware.js:33:16)
    at Layer.handle [as handle_request] (/home/getkart/Desktop/pickzon/node_modules/express/lib/router/layer.js:95:5)
    at trim_prefix (/home/getkart/Desktop/pickzon/node_modules/express/lib/router/index.js:328:13)
    at /home/getkart/Desktop/pickzon/node_modules/express/lib/router/index.js:286:9
    at Function.process_params (/home/getkart/Desktop/pickzon/node_modules/express/lib/router/index.js:346:12)
    at next (/home/getkart/Desktop/pickzon/node_modules/express/lib/router/index.js:280:10)
    at Layer.handle [as handle_request] (/home/getkart/Desktop/pickzon/node_modules/express/lib/router/layer.js:91:12)
    at trim_prefix (/home/getkart/Desktop/pickzon/node_modules/express/lib/router/index.js:328:13)
    at /home/getkart/Desktop/pickzon/node_modules/express/lib/router/index.js:286:9
    at Function.process_params (/home/getkart/Desktop/pickzon/node_modules/express/lib/router/index.js:346:12)
2024-08-07 17:01:34: error: APIError: Not Found
    at notFound (file:///home/getkart/Desktop/pickzon/src/middleware/errorMiddleware.js:33:16)
    at Layer.handle [as handle_request] (/home/getkart/Desktop/pickzon/node_modules/express/lib/router/layer.js:95:5)
    at trim_prefix (/home/getkart/Desktop/pickzon/node_modules/express/lib/router/index.js:328:13)
    at /home/getkart/Desktop/pickzon/node_modules/express/lib/router/index.js:286:9
    at Function.process_params (/home/getkart/Desktop/pickzon/node_modules/express/lib/router/index.js:346:12)
    at next (/home/getkart/Desktop/pickzon/node_modules/express/lib/router/index.js:280:10)
    at Layer.handle [as handle_request] (/home/getkart/Desktop/pickzon/node_modules/express/lib/router/layer.js:91:12)
    at trim_prefix (/home/getkart/Desktop/pickzon/node_modules/express/lib/router/index.js:328:13)
    at /home/getkart/Desktop/pickzon/node_modules/express/lib/router/index.js:286:9
    at Function.process_params (/home/getkart/Desktop/pickzon/node_modules/express/lib/router/index.js:346:12)
2024-08-07 17:01:44: error: APIError: Not Found
    at notFound (file:///home/getkart/Desktop/pickzon/src/middleware/errorMiddleware.js:33:16)
    at Layer.handle [as handle_request] (/home/getkart/Desktop/pickzon/node_modules/express/lib/router/layer.js:95:5)
    at trim_prefix (/home/getkart/Desktop/pickzon/node_modules/express/lib/router/index.js:328:13)
    at /home/getkart/Desktop/pickzon/node_modules/express/lib/router/index.js:286:9
    at Function.process_params (/home/getkart/Desktop/pickzon/node_modules/express/lib/router/index.js:346:12)
    at next (/home/getkart/Desktop/pickzon/node_modules/express/lib/router/index.js:280:10)
    at Layer.handle [as handle_request] (/home/getkart/Desktop/pickzon/node_modules/express/lib/router/layer.js:91:12)
    at trim_prefix (/home/getkart/Desktop/pickzon/node_modules/express/lib/router/index.js:328:13)
    at /home/getkart/Desktop/pickzon/node_modules/express/lib/router/index.js:286:9
    at Function.process_params (/home/getkart/Desktop/pickzon/node_modules/express/lib/router/index.js:346:12)
2024-08-07 17:02:01: error: APIError: Not Found
    at notFound (file:///home/getkart/Desktop/pickzon/src/middleware/errorMiddleware.js:33:16)
    at Layer.handle [as handle_request] (/home/getkart/Desktop/pickzon/node_modules/express/lib/router/layer.js:95:5)
    at trim_prefix (/home/getkart/Desktop/pickzon/node_modules/express/lib/router/index.js:328:13)
    at /home/getkart/Desktop/pickzon/node_modules/express/lib/router/index.js:286:9
    at Function.process_params (/home/getkart/Desktop/pickzon/node_modules/express/lib/router/index.js:346:12)
    at next (/home/getkart/Desktop/pickzon/node_modules/express/lib/router/index.js:280:10)
    at Layer.handle [as handle_request] (/home/getkart/Desktop/pickzon/node_modules/express/lib/router/layer.js:91:12)
    at trim_prefix (/home/getkart/Desktop/pickzon/node_modules/express/lib/router/index.js:328:13)
    at /home/getkart/Desktop/pickzon/node_modules/express/lib/router/index.js:286:9
    at Function.process_params (/home/getkart/Desktop/pickzon/node_modules/express/lib/router/index.js:346:12)
2024-08-07 17:02:01: error: APIError: Not Found
    at notFound (file:///home/getkart/Desktop/pickzon/src/middleware/errorMiddleware.js:33:16)
    at Layer.handle [as handle_request] (/home/getkart/Desktop/pickzon/node_modules/express/lib/router/layer.js:95:5)
    at trim_prefix (/home/getkart/Desktop/pickzon/node_modules/express/lib/router/index.js:328:13)
    at /home/getkart/Desktop/pickzon/node_modules/express/lib/router/index.js:286:9
    at Function.process_params (/home/getkart/Desktop/pickzon/node_modules/express/lib/router/index.js:346:12)
    at next (/home/getkart/Desktop/pickzon/node_modules/express/lib/router/index.js:280:10)
    at Layer.handle [as handle_request] (/home/getkart/Desktop/pickzon/node_modules/express/lib/router/layer.js:91:12)
    at trim_prefix (/home/getkart/Desktop/pickzon/node_modules/express/lib/router/index.js:328:13)
    at /home/getkart/Desktop/pickzon/node_modules/express/lib/router/index.js:286:9
    at Function.process_params (/home/getkart/Desktop/pickzon/node_modules/express/lib/router/index.js:346:12)
2024-08-07 17:03:23: error: APIError: Not Found
    at notFound (file:///home/getkart/Desktop/pickzon/src/middleware/errorMiddleware.js:33:16)
    at Layer.handle [as handle_request] (/home/getkart/Desktop/pickzon/node_modules/express/lib/router/layer.js:95:5)
    at trim_prefix (/home/getkart/Desktop/pickzon/node_modules/express/lib/router/index.js:328:13)
    at /home/getkart/Desktop/pickzon/node_modules/express/lib/router/index.js:286:9
    at Function.process_params (/home/getkart/Desktop/pickzon/node_modules/express/lib/router/index.js:346:12)
    at next (/home/getkart/Desktop/pickzon/node_modules/express/lib/router/index.js:280:10)
    at Layer.handle [as handle_request] (/home/getkart/Desktop/pickzon/node_modules/express/lib/router/layer.js:91:12)
    at trim_prefix (/home/getkart/Desktop/pickzon/node_modules/express/lib/router/index.js:328:13)
    at /home/getkart/Desktop/pickzon/node_modules/express/lib/router/index.js:286:9
    at Function.process_params (/home/getkart/Desktop/pickzon/node_modules/express/lib/router/index.js:346:12)
2024-08-08 10:25:20: error: APIError: Not Found
    at notFound (file:///home/getkart/Desktop/pickzon/src/middleware/errorMiddleware.js:33:16)
    at Layer.handle [as handle_request] (/home/getkart/Desktop/pickzon/node_modules/express/lib/router/layer.js:95:5)
    at trim_prefix (/home/getkart/Desktop/pickzon/node_modules/express/lib/router/index.js:328:13)
    at /home/getkart/Desktop/pickzon/node_modules/express/lib/router/index.js:286:9
    at Function.process_params (/home/getkart/Desktop/pickzon/node_modules/express/lib/router/index.js:346:12)
    at next (/home/getkart/Desktop/pickzon/node_modules/express/lib/router/index.js:280:10)
    at Layer.handle [as handle_request] (/home/getkart/Desktop/pickzon/node_modules/express/lib/router/layer.js:91:12)
    at trim_prefix (/home/getkart/Desktop/pickzon/node_modules/express/lib/router/index.js:328:13)
    at /home/getkart/Desktop/pickzon/node_modules/express/lib/router/index.js:286:9
    at Function.process_params (/home/getkart/Desktop/pickzon/node_modules/express/lib/router/index.js:346:12)
2024-08-08 10:34:28: error: APIError: Not Found
    at notFound (file:///home/getkart/Desktop/pickzon/src/middleware/errorMiddleware.js:33:16)
    at Layer.handle [as handle_request] (/home/getkart/Desktop/pickzon/node_modules/express/lib/router/layer.js:95:5)
    at trim_prefix (/home/getkart/Desktop/pickzon/node_modules/express/lib/router/index.js:328:13)
    at /home/getkart/Desktop/pickzon/node_modules/express/lib/router/index.js:286:9
    at Function.process_params (/home/getkart/Desktop/pickzon/node_modules/express/lib/router/index.js:346:12)
    at next (/home/getkart/Desktop/pickzon/node_modules/express/lib/router/index.js:280:10)
    at Layer.handle [as handle_request] (/home/getkart/Desktop/pickzon/node_modules/express/lib/router/layer.js:91:12)
    at trim_prefix (/home/getkart/Desktop/pickzon/node_modules/express/lib/router/index.js:328:13)
    at /home/getkart/Desktop/pickzon/node_modules/express/lib/router/index.js:286:9
    at Function.process_params (/home/getkart/Desktop/pickzon/node_modules/express/lib/router/index.js:346:12)
2024-08-08 10:34:32: error: APIError: Not Found
    at notFound (file:///home/getkart/Desktop/pickzon/src/middleware/errorMiddleware.js:33:16)
    at Layer.handle [as handle_request] (/home/getkart/Desktop/pickzon/node_modules/express/lib/router/layer.js:95:5)
    at trim_prefix (/home/getkart/Desktop/pickzon/node_modules/express/lib/router/index.js:328:13)
    at /home/getkart/Desktop/pickzon/node_modules/express/lib/router/index.js:286:9
    at Function.process_params (/home/getkart/Desktop/pickzon/node_modules/express/lib/router/index.js:346:12)
    at next (/home/getkart/Desktop/pickzon/node_modules/express/lib/router/index.js:280:10)
    at Layer.handle [as handle_request] (/home/getkart/Desktop/pickzon/node_modules/express/lib/router/layer.js:91:12)
    at trim_prefix (/home/getkart/Desktop/pickzon/node_modules/express/lib/router/index.js:328:13)
    at /home/getkart/Desktop/pickzon/node_modules/express/lib/router/index.js:286:9
    at Function.process_params (/home/getkart/Desktop/pickzon/node_modules/express/lib/router/index.js:346:12)
